Case #1: 33.333333333333336 66.66666666666667
Case #2: 0.0 100.0
Case #3: 25.0 25.0 25.0 25.0
Case #4: 34.66666666666667 26.666666666666668 38.666666666666664
Case #5: 14.285714285714285 14.285714285714285 14.285714285714285 14.285714285714285 0.0 14.285714285714285 14.285714285714285 14.285714285714285
Case #6: 50.0 50.0
Case #7: 11.43317230273752 10.397975615366919 10.81205429031516 11.64021164021164 11.43317230273752 9.98389694041868 10.397975615366919 0.0 12.05429031515988 11.84725097768576
Case #8: 10.0 10.0 10.0 10.0 10.0 10.0 10.0 10.0 10.0 10.0
Case #9: 2.2727272727272734 13.863636363636363 14.318181818181818 13.863636363636363 13.863636363636363 14.318181818181818 13.863636363636363 13.636363636363635
Case #10: 10.04510045100451 13.181631816318163 13.181631816318163 12.259122591225912 12.812628126281265 8.569085690856909 7.646576465764658 10.22960229602296 12.074620746207462
Case #11: 47.27272727272727 52.72727272727272
Case #12: 0.0 25.0 25.0 25.0 25.0 0.0 0.0
Case #13: 66.66666666666667 33.333333333333336
Case #14: 9.909909909909908 9.729729729729728 10.63063063063063 9.54954954954955 11.71171171171171 9.369369369369368 9.189189189189188 12.072072072072071 9.729729729729728 8.108108108108107
Case #15: 11.11111111111111 11.11111111111111 11.11111111111111 11.11111111111111 11.11111111111111 11.11111111111111 11.11111111111111 11.11111111111111 11.11111111111111 0.0
Case #16: 0.0 19.48998178506375 17.850637522768668 5.391621129326046 10.965391621129324 9.981785063752275 8.342440801457194 19.48998178506375 7.686703096539162 0.8014571948998165
Case #17: 86.20689655172413 13.793103448275861
Case #18: 16.666666666666664 16.666666666666664 16.666666666666664 16.666666666666664 16.666666666666664 16.666666666666664
Case #19: 0.0 100.0
Case #20: 19.93355481727575 0.0 0.0 0.0 19.93355481727575 0.0 20.26578073089701 19.93355481727575 19.93355481727575
