Case #1: BA AB
Case #2: A A C B B CA
Case #3: C C BA
Case #4: B B A A BC
Case #5: B B C A A CB
Case #6: B A A B B A A BC
Case #7: C B A A BC
Case #8: B A A B B AC
Case #9: C C C B A A BC
Case #10: A A C C A A CB
Case #11: C C A A C B B CA
Case #12: A A A C B B CA
Case #13: C C A A CB
Case #14: B B A A B B AC
Case #15: B B A A B C C BA
Case #16: B B C C B A A BC
Case #17: BA
Case #18: A A CB
Case #19: BA AB BA
Case #20: C B A A B C C BA
Case #21: B A A B C C BA
Case #22: A A C C A B B AC
Case #23: C C B A A BC
Case #24: C C B B C A A CB
Case #25: B B C C BA
Case #26: B A A BC
Case #27: A A C C AB
Case #28: C C B B C C BA
Case #29: A A B B AC
Case #30: C A A C C AB
Case #31: C BA
Case #32: C A A CB
Case #33: C B B C A A CB
Case #34: C B B CA
Case #35: C C B B CA
Case #36: C A A C C A A CB
Case #37: C B B C C BA
Case #38: A A B B A C C AB
Case #39: BA AB BA AB
Case #40: C B B C C B B CA
Case #41: C A A C B B CA
Case #42: B B B C A A CB
Case #43: A A B B A A BC
Case #44: B B C C B B CA
Case #45: C C A A C C AB
Case #46: B B CA
