Case #1:
0.5
0.5
0.5
Case #2:
0.6458333333333333
0.3680555555555555
0.6041666666666666
0.3958333333333333
Case #3:
0.48708890173209574
0.4287489286553866
0.4866447914432712
0.4635410954065807
0.5619535571744962
0.5386821481980995
0.4034558969929919
0.5548669502159979
0.49973016509752877
0.5493037584147465
0.5632996037116544
0.49342222518761186
0.492133913049829
0.5534219320690228
0.5413993381787772
0.5607214198661751
0.5187903750450411
0.4398114199292206
0.5402752735059428
0.514878257819648
0.4928767444701981
0.44721906373416376
0.5191593329090597
0.4968326809599416
0.5184215812963107
0.4266216519919305
0.528536855474613
0.5151494149178953
0.5571874853074797
0.4099766065962224
0.4641961334012048
0.5540084805412357
0.48682081225569196
0.4710864795428591
0.492280513831609
0.5774352240268592
0.5391057674272031
0.517852970981254
0.543506469766297
0.5158508523107574
0.42542193831632835
0.3990516587452444
0.501319362448388
0.4919265722819133
0.5273101622306244
0.5539216161329585
0.5530841644606622
0.5371083384377817
0.5598702140062087
0.5174194980557181
0.5472439882976227
0.5266128829676447
0.506561604604461
0.5045285972305
0.5390924762217661
0.4995044938240731
0.47459716737361346
0.5356680307411018
0.44389610427339077
0.49318972435767705
0.5466431654536761
0.4970558640850041
0.5066531921820384
0.5391804950030321
0.39998325122044937
0.5337143258146875
0.4770455433873636
0.5089605637973232
0.4055608139252776
0.5100916198363925
0.5111738395965262
0.49462686291242264
0.5222846126867815
0.5082950300278756
0.5480110866622002
0.4161195826228046
0.5293070394280031
0.5030303037861205
0.5055270554736738
0.48240949137649725
0.5183839129823903
0.5665417240661391
0.4198373398912215
0.46293286876737166
0.5277774993703311
0.38197872917838566
0.4696399195431884
0.5668330399267891
0.38270877584024543
0.5214104186339755
0.4127189692083326
0.45163149504781447
0.450823001129711
0.4665135751613545
0.5490165141954669
0.4267126956015967
0.47029075714531343
0.5208625853400406
0.5648110062030375
0.4999654140080181
Case #4:
0.4444444444444444
0.5277777777777778
0.5277777777777778
0.5
0.4583333333333333
0.375
0.5
0.5555555555555556
0.5277777777777778
0.5694444444444444
0.4861111111111111
0.5
0.5
0.5138888888888888
0.5555555555555556
0.4722222222222222
0.5833333333333333
0.5138888888888888
0.3888888888888889
Case #5:
0.5
0.5
0.5
0.5
0.5
0.5
0.5
0.5
0.5
0.5
0.5
0.5
0.5
0.5
0.5
0.5
0.5
0.5
0.5
0.5
0.5
0.5
0.5
0.5
0.5
0.5
0.5
0.5
0.5
0.5
0.5
0.5
0.5
0.5
0.5
0.5
0.5
0.5
0.5
0.5
0.5
0.5
0.5
0.5
0.5
0.5
0.5
0.5
0.5
0.5
0.5
0.5
0.5
0.5
0.5
0.5
0.5
0.5
0.5
0.5
0.5
0.5
0.5
0.5
0.5
0.5
0.5
0.5
0.5
0.5
0.5
0.5
0.5
0.5
0.5
0.5
0.5
0.5
0.5
0.5
0.5
0.5
0.5
0.5
0.5
0.5
0.5
0.5
0.5
0.5
0.5
0.5
0.5
0.5
0.5
0.5
0.5
0.5
0.5
Case #6:
0.503579757861698
0.5544482730938316
0.5435444852482407
0.5175015875323628
0.47216204421766556
0.46244008261728364
0.477282746679983
0.5112225679838204
0.6146288104618444
0.41060884513100326
0.5396740198381533
0.457401665683143
0.5574084182079606
0.5593598151942981
0.44112280546322347
0.5171322875067779
0.4240192738861057
0.5432846573201258
0.5089384811242683
0.4705924603140769
0.4736295500570155
0.5259844837783381
0.5127842041629865
0.5048549081570991
0.4853528110002286
0.5224016156055096
0.5562149731527419
0.46217691967482644
0.5567277449032456
0.48267379502534663
0.4844500895960956
0.5077759553607135
0.5263503398899032
0.49356929576961095
0.4737524287283571
0.49817868691943196
0.5291449443381946
0.49314916536154807
0.4094700491179576
0.4246088937302802
0.5313030731516571
0.5553752287169003
0.5189014178367153
0.493237870786034
0.5511239668224492
0.5348944138764612
0.40322623605654645
0.431229993411027
0.5076330231764677
0.5670760179049814
0.5126300020669252
0.4814452567557029
0.5107300246915853
0.48580556064943003
0.5004342338793875
0.4951832471380254
0.5405133338857926
0.6106279375954401
0.5209176682458031
0.42957794111193387
0.5201149193722053
0.5383667216631812
0.45177722066010656
0.45876634999221194
0.5349056748774698
0.5254777734937764
0.45870782608239336
0.5267564813168693
0.40964996183031654
0.489072275933976
0.5383453676144598
0.4584807538434744
0.5421951229929581
0.40791461566325427
0.42294875556314193
0.4625901695901007
0.38919908068390713
0.5024275263096258
0.5258351508714029
0.5373182351419892
0.5052017194166379
0.5341907829173719
0.4717619246181879
0.5621685982978801
0.4141973421937305
0.5840645102570767
0.4075632829743765
0.5560453040497918
0.5872299919971561
0.5249778382397365
0.5243050757075677
0.4054856610637557
0.39748770250420573
0.5680255816145086
0.501785510045461
0.519926911901797
0.515477073895323
Case #7:
0.4036062230160641
0.5475493756953318
0.5380939242653766
0.44789681515087126
0.5327412760545069
0.48839998374392646
0.41334786182708594
0.5326289051577542
0.5218957978663558
0.5016153638227078
0.5396747095428075
0.5337689659581365
0.4581220292365288
0.5374447276844735
0.556986854658601
0.4368623362412448
0.543336316724359
0.417190742574073
0.5026098005910073
0.5018427366734419
0.5571619529271453
0.5230413577778587
0.5296625457758223
0.47904653422111454
0.5724836145767446
0.5064289088554499
0.6038054994268207
0.46688697256825684
0.510947641844603
0.4283491158543674
0.4482757665264211
0.5648124317066072
0.47350252501547646
0.48194153386269584
0.5442107282071955
0.5474566609624723
0.4000207971259416
0.5060717023632852
0.48134137699841856
0.48351612136457733
0.4621424239262778
0.42189017893519976
0.5897716785955815
0.432028008851283
0.5389801855145618
0.43638503540480594
0.5182084847154362
0.49711314126216716
0.3629936616758243
0.48189554216465114
0.373977015418641
0.5617310289115569
0.5368085911342417
0.5028933489765802
0.5602000041616129
0.5401377374197793
0.5576883505684631
Case #8:
0.5065443821836279
0.5445947232150596
0.5636205217895958
0.4902423295428981
0.5441267866716257
0.5392338193652704
0.4444785674968247
0.515546965374568
0.523036713190959
0.45540635916796623
0.4606316060268796
0.4843730490668009
0.5380515823376327
0.5266000377531146
0.5313803743047596
0.5092806156458616
0.4752894040743158
0.5005336443269707
0.44615186658722505
0.4878752036623506
0.5292389299769814
0.5565214838060674
0.4479318587386288
0.47004431034509164
0.422282849050971
0.5116927422317953
0.46919063498512154
0.4900901479653533
0.5322534043545439
0.42415284309236423
0.4981247621656244
0.501177244163554
0.45262416435902547
0.4974424812802444
0.5654904906369236
0.5482110435597296
Case #9:
0.5260454203249668
0.5932875662186683
0.5401605483430071
0.4742614896035833
0.41483114410284755
0.4461010359048052
0.41636185620053134
0.5004233213357436
0.504374337289422
0.5439324952113715
0.5435754286650567
0.5217689803281769
0.41789049546283513
0.4602213645541422
0.5362019856179334
0.4214092658627264
0.3932708814503072
0.5079866083458311
0.5232769208072501
0.5485594687781852
0.5616111545843695
0.478466829654415
0.5257169703342823
0.5715028619050684
0.5403769858147471
0.5146893176580921
0.5257273669387597
0.5364629430696485
0.49126851499772967
0.43211902388345064
0.46746709649957735
0.5077919169629304
0.5090007750344727
0.5148394329660433
0.51241064092218
0.4987400773938254
0.45292763494736565
0.5355398882849176
0.45888451425423904
0.593306568586631
0.5299818234817937
0.5686017088999802
0.5019444726111338
0.5095120976430458
0.4939763285049392
0.42704357322036723
0.42102439117104684
0.5266975935368254
0.43219629465578807
0.5614275568871925
0.507516767902133
0.5670784940400474
0.5265394953620733
0.508954213488352
0.5359191172517457
0.5407147412057404
0.407400020525845
0.5092864884338757
0.48787150496342047
0.5058272038514127
0.5486077393918083
0.507543558597463
0.41669683939822255
0.5182297733393417
0.4952762879135806
0.4597251112932561
0.5189095104387418
0.4713069253224936
0.530914348608096
0.5058085198116429
0.5477847894743576
0.4470549162133963
0.4400942932720644
0.5552104957222203
0.4911972010369764
0.5086482749836044
0.4907730709250959
0.43225184138727707
0.5041124320910002
0.538864810586177
0.528965172691306
0.5691109419654633
0.5447530308915961
0.37721317283975
0.50796811666217
0.42333755067890055
0.5059997215862218
Case #10:
0.4633838383838383
0.46843434343434337
0.5669191919191919
0.6022727272727273
0.3800505050505051
0.46085858585858575
0.45833333333333326
0.42297979797979796
0.5820707070707071
0.5542929292929293
0.49116161616161613
0.5972222222222222
0.5441919191919192
0.6148989898989898
0.38510101010101017
0.481060606060606
0.4785353535353535
0.4255050505050505
0.5063131313131313
0.4103535353535353
0.5744949494949495
0.5593434343434344
0.5467171717171717
0.428030303030303
0.4936868686868687
0.43308080808080807
0.5239898989898989
0.39267676767676774
0.529040404040404
0.5138888888888888
0.6123737373737372
0.5214646464646464
0.48611111111111105
0.561868686868687
0.6098484848484848
0.4154040404040404
0.4507575757575757
0.40025252525252525
0.6073232323232323
0.5012626262626263
0.4457070707070706
0.5568181818181819
0.4962121212121212
0.5189393939393938
0.5391414141414141
0.4987373737373737
0.6224747474747474
0.4078282828282828
0.3876262626262627
0.5643939393939394
0.3952020202020202
0.5845959595959596
0.4886363636363636
0.5366161616161617
0.4532828282828282
0.48358585858585856
0.571969696969697
0.6047979797979797
0.41287878787878785
0.5088383838383838
0.37500000000000006
0.47095959595959586
0.4027777777777778
0.46590909090909083
0.5037878787878788
0.4558080808080807
0.5871212121212122
0.6249999999999999
0.4204545454545454
0.5113636363636362
0.4431818181818181
0.6199494949494948
0.43560606060606055
0.577020202020202
0.5896464646464646
0.4734848484848484
0.3825757575757576
0.6174242424242423
0.5164141414141413
0.4305555555555555
0.3775252525252526
0.5340909090909091
0.5694444444444444
0.5921717171717171
0.5416666666666666
0.44823232323232315
0.5997474747474747
0.41792929292929293
0.5492424242424243
0.47601010101010094
0.3901515151515152
0.3977272727272727
0.5795454545454546
0.5315656565656566
0.5946969696969697
0.4406565656565656
0.5517676767676768
0.43813131313131304
0.4053030303030303
0.5265151515151514
Case #11:
0.625
0.6224747474747475
0.6199494949494949
0.6174242424242424
0.6148989898989898
0.6123737373737373
0.6098484848484849
0.6073232323232323
0.6047979797979798
0.6022727272727273
0.5997474747474747
0.5972222222222222
0.5946969696969697
0.5921717171717171
0.5896464646464646
0.5871212121212122
0.5845959595959596
0.5820707070707071
0.5795454545454546
0.577020202020202
0.5744949494949495
0.571969696969697
0.5694444444444444
0.5669191919191919
0.5643939393939394
0.5618686868686869
0.5593434343434344
0.5568181818181819
0.5542929292929293
0.5517676767676768
0.5492424242424243
0.5467171717171717
0.5441919191919192
0.5416666666666666
0.5391414141414141
0.5366161616161617
0.5340909090909091
0.5315656565656566
0.529040404040404
0.5265151515151515
0.523989898989899
0.5214646464646464
0.5189393939393939
0.5164141414141414
0.5138888888888888
0.5113636363636364
0.5088383838383839
0.5063131313131313
0.5037878787878788
0.5012626262626263
0.49873737373737376
0.4962121212121212
0.4936868686868687
0.49116161616161613
0.48863636363636365
0.4861111111111111
0.48358585858585856
0.4810606060606061
0.47853535353535354
0.476010101010101
0.4734848484848485
0.47095959595959597
0.4684343434343434
0.46590909090909094
0.4633838383838384
0.46085858585858586
0.4583333333333333
0.45580808080808083
0.4532828282828283
0.45075757575757575
0.4482323232323232
0.4457070707070707
0.4431818181818182
0.44065656565656564
0.43813131313131315
0.4356060606060606
0.43308080808080807
0.4305555555555556
0.42803030303030304
0.4255050505050505
0.42297979797979796
0.42045454545454547
0.41792929292929293
0.4154040404040404
0.4128787878787879
0.41035353535353536
0.4078282828282828
0.4053030303030303
0.4027777777777778
0.40025252525252525
0.3977272727272727
0.3952020202020202
0.3926767676767677
0.39015151515151514
0.38762626262626265
0.3851010101010101
0.38257575757575757
0.380050505050505
0.37752525252525254
0.375
Case #12:
0.506865887785722
0.5218141189655114
0.5056994310366706
0.5166365575238795
0.5609050667692768
0.5365518979284725
0.5326699967452467
0.5172595420196564
0.5656202858768493
0.4177478604617492
0.46465691882878085
0.43490856746998047
0.5811231389036329
0.43051890257276326
0.5254209939492954
0.5105359803501381
0.46244530704316505
0.5345338936372651
0.5182065431153904
0.5158670064562118
0.5015548697013005
0.49227223411475807
0.5420276433650886
0.46268454505953766
0.535228219208842
0.48596677705051106
0.5386704362781911
0.5211571182939736
0.5266328211693238
0.473003651622413
0.5010486708470796
0.5272152441021979
0.5253873430843594
0.39427002073668627
0.5366739815635508
0.4707945853205954
0.49850891788569907
0.5429262140826143
0.3904500209142807
0.44637136840350156
0.45281624054996267
0.5406524540230466
0.5247294404897195
0.5322758655084168
0.527793855991471
0.45690944046016974
0.38484848713001285
0.5428460330851576
0.549807014190646
0.5536820961672201
0.40881650288177385
0.4543006070851966
Case #13:
0.5064674798890898
0.5716383814204671
0.5302926085801372
0.52658296978746
0.5103218329562652
0.5217535899588518
0.42903040164695017
0.49544686872325344
0.4953831044000842
0.39964036814256243
0.55075765464214
0.49567751106374347
0.4587015107801889
0.43962010761223225
0.5057056553848458
0.5252756814490644
0.4657510987776391
0.4999723378352419
0.5296344488475859
0.45826033771176683
0.4817022778453889
0.42878414911395024
0.514305037521633
0.5409946410916642
0.45570247065515945
0.4636143854414897
0.5563416771796822
0.5759102178772448
0.549973268749913
0.47782153494577595
0.5488042579023928
0.4712710157831444
0.5314898155294968
0.4090327823207401
0.5039124676456708
0.56631184317007
0.4068337562565461
0.5378355471036672
0.5664637879396678
0.45383560262732897
0.4286539968858125
0.5076142560906639
0.5311203784144969
0.48218949043631254
0.5433193574051565
0.5097222781439921
0.45159210302119956
0.39826081307044137
0.4856561613371886
0.540418561706866
0.5107648140123122
0.5704344093510958
0.5408019163406274
Case #14:
0.5001438072372879
0.4636188194010629
0.4903488242725743
0.5098085691139153
0.5054877720526354
0.5510253403004635
0.46633490594892035
0.510432059370914
0.5010007025738209
0.5328122241359774
0.4209089516270339
0.4338509979598072
0.41193296380499933
0.5034089891924571
0.4911031975110295
0.5504657727509707
0.5225517408514337
0.5304282847731467
0.5085919108286054
0.4503412493192106
0.4938037788205033
0.5121717927736958
0.4870635320201729
0.46473442382608515
0.5243218770909183
0.528211081199904
0.5203484383571733
0.5186424996543775
0.4188351264657621
0.49228875711671394
0.5462546869800615
0.5320407988924096
0.5086446818229835
0.515076763634024
0.5186634334151943
0.45555535115832824
0.5099639838873993
0.48263520016271244
0.4778777277353812
0.3831373765069077
0.43092492398655274
0.5211366825489809
0.537149564551656
0.5089957546920254
0.5382872918965161
0.5072497159692164
0.5693243850156617
0.38380206641874376
0.554663775399217
0.49668090111373675
0.5599047028054074
0.532597472948941
0.5804871509117977
0.511085298718478
0.5056044462660412
0.5469664764298013
0.5310338532452252
0.5220185417367389
0.4444197101957744
0.4450291363246534
0.5306479670004227
Case #15:
0.4259470868384344
0.5147432189977887
0.4952537677651664
0.5556595939367885
0.5143587949625822
0.42400548861762477
0.4317706134765054
0.552616828938197
0.5418038322853604
0.4122412783818823
0.49460446677574454
0.5179036808265358
0.4001833958561323
0.5155429763827022
0.4597098589931516
0.48162596727650075
0.4853651542240759
0.5182491864377756
0.5557064610265681
0.5266759250906614
0.4874352414495102
0.4750517394334758
0.5344250956718658
0.5444196800204435
0.5089507300535577
0.556256339119566
0.4570760362545341
0.4840863646921272
0.5375344127661656
0.3886972395493411
0.3953542226465189
0.5372083801231897
0.5388262006036495
0.4942485849641477
0.5587063464581903
0.48083714917651177
0.5464393312092741
0.47228000474654097
0.4558810205460741
0.5588506721408177
0.43730204587933685
0.5302540076835278
0.5312428434442771
0.5225189996353492
0.5341755906956981
0.48966667124064434
0.46982313134883824
0.5019697711780123
0.3901625224590045
0.5106363481371969
0.5046390956259008
0.5133060151234855
0.5309518476287809
0.5346103343061239
0.503183180015657
0.5662506071971182
0.5126734313591216
0.5280381476866873
0.5223273634655357
0.49233249285195413
0.5132936653171704
0.5318799699814291
0.5039520042710602
0.4460701050730796
0.5065589964092675
0.47975191295554803
0.5249318318399823
0.5481321036981923
0.528969903061445
0.47539109581324257
0.5271761218460835
0.4631822472146728
0.5353398700067229
0.4643597413287625
0.4422050011746179
0.5123557878370812
0.4894734170657572
0.5693426243952593
0.5306634142298529
0.38847987369751097
0.45761184139217126
0.5457747452411525
0.5283708062623249
0.5303271862081319
0.44625038188451704
0.5116548104856088
0.5355094625086219
0.43400925022374703
0.5104240692480378
0.5273425448910173
0.5306414698275584
0.4876846080699694
0.49696971228032694
0.43551027568506084
0.5196130546308176
0.5559255176639396
0.4693125440177199
0.5452069608363209
0.44765084319223375
0.5406507740053835
Case #16:
0.5228873556998557
0.5683100849767516
0.514959875306872
0.5525396103115259
0.5796741394177812
0.6083438194301289
0.3132096110559314
0.46253382034632035
0.3925232101819403
0.4793414465074367
0.4710097956129702
0.5313652950084227
0.48257774677823384
0.5067133221516338
0.6420000157145044
0.369149345638929
0.42491921768707486
0.4800364132395382
0.3592278105125328
0.5764840459993521
0.5228729235381021
0.7018470236273265
0.36901686507936504
0.4927744258056758
0.5157200210203456
0.5375727516481034
0.7905787037037038
0.5699802485273264
0.6325135639272543
0.4961682064928818
0.6987041170634921
0.37163074194324197
0.6427284888932616
0.48070203523328525
0.499920274337598
0.4053152366662919
0.451707855749049
0.5280476202188864
0.5899813867389625
0.512219509673391
0.5854635141093474
0.4920761684303351
0.3812190294123465
0.34991359169930597
0.5858737674362675
0.4872039147549352
0.4965512265512265
0.4885912698412699
0.5478060866602533
0.5883347601105537
0.5028951469055636
0.5487297865274056
0.501022581050217
0.488747594997595
0.6273663978651353
0.499946707333071
0.4920659722222222
0.43892203282828285
0.5198764859479145
0.471096851987849
0.4834924583067846
0.4909832451499118
0.5157262391488583
0.5365086768909083
0.5850912344104309
0.42901786358482785
0.4341075937950938
0.4404624529736137
0.5539334339235132
0.4907364021710613
0.4356060394581769
0.5386665550058407
0.48270020690655613
0.48783201387271424
0.3915388064316636
0.5507325689196051
0.5046619897959184
0.5557593658445931
0.34173300464967127
0.6683615115869579
0.3663581089575408
0.3903990049302549
0.4088608487472124
0.44683915043290046
0.43157360512345017
0.5473035714285714
0.42052872206332026
0.8259889069264069
0.5125186159939948
0.5386914353283401
0.6431422683857748
Case #17:
0.5062230063532147
0.5268861732403399
0.37690295815295816
0.2745256132756133
0.4544457671957671
0.43691510529401156
0.6911968143738977
0.5355660978917781
0.6057336196789321
0.5111508175099445
0.4749668310084977
0.5377218310514441
0.4003087381575105
0.6787054108259466
0.5849479126404349
0.42512723339546254
0.5446883267195767
0.5540199740460157
0.46117917768959427
0.5266793788222359
0.4915138888888889
0.5669305648606243
0.46647411616161616
0.43600289316063123
0.42539971473999255
0.6110842051467051
0.555326934309077
0.5320202333353374
0.6266565988506092
0.35207589285714286
0.5407141139283996
0.4658643144407033
0.5782001021947079
0.40019469454799317
0.49766985329485325
0.440190045294212
0.6176288530142697
0.4243557492441421
0.478608505691839
0.42674423228887515
0.5070297218213885
0.42008167464516666
0.5078854016354016
0.4977825126262626
0.36083175818201857
0.47593405533509703
0.5125836275166632
0.47306389790764797
0.5910757625861793
0.5989580176767677
Case #18:
0.3895833333333333
0.578125
0.41666666666666663
6.25e-2
0.2611111111111111
0.4629629629629629
0.7087962962962964
0.5138888888888888
0.7273611111111111
0.6875
0.7291666666666666
0.5208333333333333
0.484375
0.4114583333333333
0.6277777777777778
0.28125
0.4427083333333333
0.5
0.63125
0.1111111111111111
0.47916666666666663
0.3958333333333333
0.2222222222222222
0.37916666666666665
0.6822916666666666
0.5858333333333333
0.3333333333333333
0.4722222222222222
0.328125
0.5555555555555556
0.5555555555555556
0.3802083333333333
0.4548611111111111
0.5291666666666666
0.65625
0.37037037037037035
0.5416666666666666
0.5583333333333333
0.640625
0.5370833333333334
0.37222222222222223
0.5625
0.46875
0.6319444444444444
0.7239583333333333
0.48611111111111105
0.3541666666666667
0.6782407407407407
0.3202083333333333
0.6796875
0.47916666666666663
0.26666666666666666
0.22916666666666666
0.38541666666666663
0.5
0.5883333333333334
0.6180555555555555
0.6032986111111112
0.48437499999999994
0.36111111111111105
0.6041666666666666
0.6833333333333332
0.3020833333333333
0.6770833333333333
0.46354166666666663
0.5138888888888888
0.5638888888888889
0.9131944444444444
0.5777777777777778
0.46875
0.3333333333333333
0.475
0.5173611111111112
0.4427083333333333
0.3350694444444444
0.3726851851851852
0.6979166666666666
0.8583333333333334
0.40625
0.5104166666666666
0.6493055555555556
0.3666666666666667
0.48032407407407407
0.3731944444444444
0.703125
0.625
0.5208333333333333
0.5416666666666666
0.5381944444444444
0.5960648148148148
0.25416666666666665
0.6180555555555556
0.40902777777777777
0.5583333333333333
0.4375
0.3472222222222222
0.5451388888888888
0.5416666666666666
0.6319444444444444
0.2847222222222222
Case #19:
0.45884092379281455
0.5357617775525624
0.5197234314558551
0.5011253359476928
0.4028397200084401
0.5332322011263328
0.46157879662985946
0.5165623055598885
0.576635461514519
0.5582390077706498
0.49334204492435474
0.5272550209766691
0.3970123767227231
0.38083940702112545
0.5402376838947596
0.5401264786615949
0.48582128931421165
0.5629376556680321
0.48108003558849805
0.46826476957663116
0.5214599414988843
0.47261165309809194
0.5481625328353346
0.43524330215646106
0.5191897914917555
0.40826965927043773
0.5627260534347446
0.5123528559790184
0.446081071049651
0.50531171711625
0.5251613464709537
0.5521820310989742
0.46605522005979194
0.5788361847654503
0.48804388142781063
0.44728172995651655
0.5069625437833637
0.5424365657491438
0.4033593228522846
0.48467833172548425
0.4188873398497524
0.518090249511337
0.5540447665193355
0.5135354116755204
0.5334936917309484
0.5792874343040677
0.5300254036974421
0.43911995993776537
0.5422192063170866
0.5683369042570796
0.5263255323038362
0.48810743640703425
0.463408970632301
0.5260217099701
0.4465165341923595
0.5441695456306843
0.4734658753524096
Case #20:
0.5101198034769464
0.4218127455106622
0.4248932055461074
0.6453497023809524
0.47388255070546736
0.43492364117364113
0.5461331963340892
0.5124715608465609
0.41751292688792685
0.5048252197904975
0.4993889164462081
0.5016997974835277
0.43153273809523807
0.4174512987012987
0.42737847222222214
0.5357642471340387
0.4039068011463845
0.45018454009339426
0.6199330550401979
0.44397528108465606
0.44411541005291005
0.5140697751322751
0.5173778387617674
0.45233171731896216
0.44606343694885364
0.6065850357632765
0.4499100529100529
0.6181695891740534
0.5317469193064431
0.5683701642273071
0.48982662509448227
0.563655753968254
0.6020786092214664
0.6802876984126984
0.39837762546095884
0.5299309396878842
0.4626388220832665
0.39942655723905723
0.5708396518329554
0.50769069664903
0.5299602136730113
0.46001732890125746
0.422217787999038
0.6667627728174603
0.4305036547447262
0.3658060515873016
