Case #1:
0.5
0.5
0.5
Case #2:
0.6458333333333333
0.3680555555555555
0.6041666666666666
0.3958333333333333
Case #3:
0.4247685185185185
0.6944444444444444
0.5
0.46296296296296297
0.5052083333333333
0.3784722222222222
0.5616319444444444
0.3055555555555555
0.6414930555555556
0.5
Case #4:
0.32986111111111105
0.2222222222222222
0.921875
0.5381944444444444
0.6319444444444444
0.3611111111111111
0.6527777777777778
0.27604166666666663
Case #5:
0.26388888888888884
0.736111111111111
0.5
0.7083333333333334
0.29166666666666663
Case #6:
0.579861111111111
0.5225694444444444
0.6319444444444444
0.6475694444444444
0.2222222222222222
0.3159722222222222
Case #7:
0.6197916666666666
0.5864583333333334
0.33958333333333335
0.54375
0.346875
0.5517361111111111
Case #8:
0.5243055555555555
0.5086805555555556
0.5529513888888888
0.46961805555555547
0.43229166666666663
0.4791666666666666
Case #9:
0.4583333333333333
0.625
0.375
0.5416666666666666
Case #10:
0.5553736772486773
0.5447718253968254
0.3740542328042328
0.4600595238095238
0.5137070105820106
0.40728174603174605
0.6031051587301587
0.5504431216931216
Case #11:
0.5
0.375
0.625
Case #12:
0.28125
0.4166666666666667
0.25
0.96875
0.41666666666666663
0.3541666666666667
0.6875
0.4444444444444444
0.5
0.78125
Case #13:
0.625
0.5972222222222222
0.5694444444444444
0.5416666666666666
0.5138888888888888
0.4861111111111111
0.4583333333333333
0.4305555555555556
0.4027777777777778
0.375
Case #14:
0.0
0.1875
0.25
0.5
0.75
0.8125
1.0
Case #15:
0.3020833333333333
0.390625
0.17708333333333331
0.6666666666666666
0.7916666666666666
0.7604166666666666
0.5625
0.45138888888888884
Case #16:
0.5972222222222222
0.4583333333333333
0.4305555555555556
0.625
0.5416666666666666
0.5138888888888888
0.5694444444444444
0.375
0.4861111111111111
0.4027777777777778
Case #17:
0.5591464710884353
0.5633959573412699
0.4190602729186913
0.43656816893424033
0.45497065145502646
0.5066191450538549
0.5728719352324263
0.5093860721371882
0.5600834199420509
0.3736903876133787
Case #18:
0.4375
0.3333333333333333
0.6875
0.671875
0.5
0.35416666666666663
Case #19:
0.49999999999999994
0.49999999999999994
0.49999999999999994
0.49999999999999994
0.49999999999999994
0.49999999999999994
0.5
0.5
0.5
Case #20:
0.5110199751196774
0.5195915667854444
0.3728000823345211
0.49976244466040387
0.46010054484756857
0.5389259436413454
0.455539808515999
0.6467372134038801
0.47420201877047113
0.5364121256141345
